Build started 5/17/2011 3:01:08 AM.
     1>Project "C:\Users\richie\Documents\bdt-code\coprthr\msvs2010\examples\bdt_nbody\bdt_nbody.vcxproj" on node 2 (rebuild target(s)).
     1>_PrepareForClean:
         Deleting file "Debug\bdt_nbody.lastbuildstate".
       InitializeBuildStatus:
         Touching "Debug\bdt_nbody.unsuccessfulbuild".
       ClCompile:
         C:\Program Files (x86)\Microsoft Visual Studio 10.0\VC\bin\CL.exe /c /I"C:\Program Files (x86)\AMD APP\\include" /I"C:\Users\richie\Documents\bdt-code\coprthr\msvs2010\libstdcl" /I"C:\Users\richie\Documents\bdt-code\coprthr\src\libstdcl" /ZI /nologo /W3 /WX- /Od /Oy- /D WIN32 /D _DEBUG /D _CONSOLE /D _UNICODE /D UNICODE /Gm /EHsc /RTC1 /MDd /GS /fp:precise /Zc:wchar_t /Zc:forScope /Fo"Debug\\" /Fd"Debug\vc100.pdb" /Gd /TP /analyze- /errorReport:prompt bdt_nbody.cpp stdafx.cpp
         stdafx.cpp
         bdt_nbody.cpp
     1>c:\users\richie\documents\bdt-code\coprthr\src\libstdcl\clcontext.h(158): error C2146: syntax error : missing ';' before identifier 'CONTEXT'
     1>c:\users\richie\documents\bdt-code\coprthr\src\libstdcl\clcontext.h(158): error C4430: missing type specifier - int assumed. Note: C++ does not support default-int
     1>c:\users\richie\documents\bdt-code\coprthr\src\libstdcl\clcontext.h(159): error C2146: syntax error : missing ';' before identifier 'CONTEXT'
     1>c:\users\richie\documents\bdt-code\coprthr\src\libstdcl\clcontext.h(159): error C4430: missing type specifier - int assumed. Note: C++ does not support default-int
     1>c:\users\richie\documents\bdt-code\coprthr\src\libstdcl\clcontext.h(160): error C2146: syntax error : missing ';' before identifier 'CONTEXT'
     1>c:\users\richie\documents\bdt-code\coprthr\src\libstdcl\clcontext.h(160): error C4430: missing type specifier - int assumed. Note: C++ does not support default-int
     1>c:\users\richie\documents\bdt-code\coprthr\src\libstdcl\clcontext.h(161): error C2146: syntax error : missing ';' before identifier 'CONTEXT'
     1>c:\users\richie\documents\bdt-code\coprthr\src\libstdcl\clcontext.h(161): error C4430: missing type specifier - int assumed. Note: C++ does not support default-int
     1>c:\users\richie\documents\bdt-code\coprthr\src\libstdcl\clcontext.h(170): error C2146: syntax error : missing ';' before identifier 'CONTEXT'
     1>c:\users\richie\documents\bdt-code\coprthr\src\libstdcl\clcontext.h(170): error C4430: missing type specifier - int assumed. Note: C++ does not support default-int
     1>c:\users\richie\documents\bdt-code\coprthr\src\libstdcl\clcontext.h(172): error C2144: syntax error : 'int' should be preceded by ';'
     1>c:\users\richie\documents\bdt-code\coprthr\src\libstdcl\clcontext.h(172): error C4430: missing type specifier - int assumed. Note: C++ does not support default-int
     1>c:\users\richie\documents\bdt-code\coprthr\src\libstdcl\clcontext.h(172): error C2086: 'int LIBSTDCL_API' : redefinition
                 c:\users\richie\documents\bdt-code\coprthr\src\libstdcl\clcontext.h(158) : see declaration of 'LIBSTDCL_API'
     1>c:\users\richie\documents\bdt-code\coprthr\src\libstdcl\clcontext.h(174): error C2146: syntax error : missing ';' before identifier 'cl_uint'
     1>c:\users\richie\documents\bdt-code\coprthr\src\libstdcl\clcontext.h(174): error C4430: missing type specifier - int assumed. Note: C++ does not support default-int
     1>c:\users\richie\documents\bdt-code\coprthr\src\libstdcl\clcontext.h(174): error C2086: 'int LIBSTDCL_API' : redefinition
                 c:\users\richie\documents\bdt-code\coprthr\src\libstdcl\clcontext.h(158) : see declaration of 'LIBSTDCL_API'
     1>c:\users\richie\documents\bdt-code\coprthr\src\libstdcl\clcontext.h(176): error C2144: syntax error : 'int' should be preceded by ';'
     1>c:\users\richie\documents\bdt-code\coprthr\src\libstdcl\clcontext.h(176): error C4430: missing type specifier - int assumed. Note: C++ does not support default-int
     1>c:\users\richie\documents\bdt-code\coprthr\src\libstdcl\clcontext.h(176): error C2086: 'int LIBSTDCL_API' : redefinition
                 c:\users\richie\documents\bdt-code\coprthr\src\libstdcl\clcontext.h(158) : see declaration of 'LIBSTDCL_API'
     1>c:\users\richie\documents\bdt-code\coprthr\src\libstdcl\clcontext.h(178): error C2144: syntax error : 'int' should be preceded by ';'
     1>c:\users\richie\documents\bdt-code\coprthr\src\libstdcl\clcontext.h(178): error C4430: missing type specifier - int assumed. Note: C++ does not support default-int
     1>c:\users\richie\documents\bdt-code\coprthr\src\libstdcl\clcontext.h(178): error C2086: 'int LIBSTDCL_API' : redefinition
                 c:\users\richie\documents\bdt-code\coprthr\src\libstdcl\clcontext.h(158) : see declaration of 'LIBSTDCL_API'
     1>c:\users\richie\documents\bdt-code\coprthr\src\libstdcl\clcontext.h(179): error C2144: syntax error : 'void' should be preceded by ';'
     1>c:\users\richie\documents\bdt-code\coprthr\src\libstdcl\clcontext.h(179): error C4430: missing type specifier - int assumed. Note: C++ does not support default-int
     1>c:\users\richie\documents\bdt-code\coprthr\src\libstdcl\clcontext.h(179): error C2086: 'int LIBSTDCL_API' : redefinition
                 c:\users\richie\documents\bdt-code\coprthr\src\libstdcl\clcontext.h(158) : see declaration of 'LIBSTDCL_API'
     1>c:\users\richie\documents\bdt-code\coprthr\src\libstdcl\clinit.h(33): fatal error C1083: Cannot open include file: 'elf.h': No such file or directory
         Generating Code...
     1>Done Building Project "C:\Users\richie\Documents\bdt-code\coprthr\msvs2010\examples\bdt_nbody\bdt_nbody.vcxproj" (rebuild target(s)) -- FAILED.

Build FAILED.

Time Elapsed 00:00:00.88
