Build started 6/19/2011 11:14:41 PM.
     1>Project "C:\Users\richie\Documents\bdt-code\coprthr\msvs2010\examples\hello_stdcl\hello_stdcl.vcxproj" on node 2 (rebuild target(s)).
     1>PrepareForBuild:
         Creating directory "C:\Users\richie\Documents\bdt-code\coprthr\msvs2010\examples\x64\Debug\".
       InitializeBuildStatus:
         Creating "x64\Debug\hello_stdcl.unsuccessfulbuild" because "AlwaysCreate" was specified.
       ClCompile:
         c:\Program Files (x86)\Microsoft Visual Studio 10.0\VC\bin\x86_amd64\CL.exe /c /I"C:\Program Files (x86)\AMD APP\\include" /I"C:\Program Files\Brown Deer Technology\libstdcl\include" /Zi /nologo /W3 /WX- /Od /D WIN32 /D _DEBUG /D _CONSOLE /D _UNICODE /D UNICODE /Gm /EHsc /RTC1 /MDd /GS /fp:precise /Zc:wchar_t /Zc:forScope /Fo"x64\Debug\\" /Fd"x64\Debug\vc100.pdb" /Gd /TP /errorReport:prompt hello_stdcl.cpp
         hello_stdcl.cpp
     1>hello_stdcl.cpp(30): warning C4018: '<' : signed/unsigned mismatch
     1>hello_stdcl.cpp(30): warning C4018: '<' : signed/unsigned mismatch
     1>hello_stdcl.cpp(31): warning C4018: '<' : signed/unsigned mismatch
     1>hello_stdcl.cpp(32): warning C4018: '<' : signed/unsigned mismatch
     1>hello_stdcl.cpp(59): warning C4018: '<' : signed/unsigned mismatch
       ManifestResourceCompile:
         C:\Program Files (x86)\Microsoft SDKs\Windows\v7.0A\bin\rc.exe /nologo /fo"x64\Debug\hello_stdcl.exe.embed.manifest.res" x64\Debug\hello_stdcl_manifest.rc 
       Link:
         c:\Program Files (x86)\Microsoft Visual Studio 10.0\VC\bin\x86_amd64\link.exe /ERRORREPORT:PROMPT /OUT:"C:\Users\richie\Documents\bdt-code\coprthr\msvs2010\examples\x64\Debug\hello_stdcl.exe" /INCREMENTAL /NOLOGO /LIBPATH:"C:\Program Files (x86)\AMD APP\\lib\x86_64" /LIBPATH:"C:\Program Files\Brown Deer Technology\libstdcl\lib" libstdcl.lib OpenCL.lib kernel32.lib user32.lib gdi32.lib winspool.lib comdlg32.lib advapi32.lib shell32.lib ole32.lib oleaut32.lib uuid.lib odbc32.lib odbccp32.lib kernel32.lib user32.lib gdi32.lib winspool.lib comdlg32.lib advapi32.lib shell32.lib ole32.lib oleaut32.lib uuid.lib odbc32.lib odbccp32.lib /MANIFEST /ManifestFile:"x64\Debug\hello_stdcl.exe.intermediate.manifest" /MANIFESTUAC:"level='asInvoker' uiAccess='false'" /DEBUG /PDB:"C:\Users\richie\Documents\bdt-code\coprthr\msvs2010\examples\x64\Debug\hello_stdcl.pdb" /SUBSYSTEM:CONSOLE /TLBID:1 /DYNAMICBASE /NXCOMPAT /IMPLIB:"C:\Users\richie\Documents\bdt-code\coprthr\msvs2010\examples\x64\Debug\hello_stdcl.lib" /MACHINE:X64 x64\Debug\hello_stdcl.exe.embed.manifest.res
         x64\Debug\hello_stdcl.obj
         hello_stdcl.vcxproj -> C:\Users\richie\Documents\bdt-code\coprthr\msvs2010\examples\x64\Debug\hello_stdcl.exe
       Manifest:
         Deleting file "x64\Debug\hello_stdcl.exe.embed.manifest".
         C:\Program Files (x86)\Microsoft SDKs\Windows\v7.0A\bin\mt.exe /nologo /verbose /out:"x64\Debug\hello_stdcl.exe.embed.manifest" /manifest x64\Debug\hello_stdcl.exe.intermediate.manifest
         C:\Program Files (x86)\Microsoft SDKs\Windows\v7.0A\bin\rc.exe /nologo /fo"x64\Debug\hello_stdcl.exe.embed.manifest.res" x64\Debug\hello_stdcl_manifest.rc 
       LinkEmbedManifest:
         c:\Program Files (x86)\Microsoft Visual Studio 10.0\VC\bin\x86_amd64\link.exe /ERRORREPORT:PROMPT /OUT:"C:\Users\richie\Documents\bdt-code\coprthr\msvs2010\examples\x64\Debug\hello_stdcl.exe" /INCREMENTAL /NOLOGO /LIBPATH:"C:\Program Files (x86)\AMD APP\\lib\x86_64" /LIBPATH:"C:\Program Files\Brown Deer Technology\libstdcl\lib" libstdcl.lib OpenCL.lib kernel32.lib user32.lib gdi32.lib winspool.lib comdlg32.lib advapi32.lib shell32.lib ole32.lib oleaut32.lib uuid.lib odbc32.lib odbccp32.lib kernel32.lib user32.lib gdi32.lib winspool.lib comdlg32.lib advapi32.lib shell32.lib ole32.lib oleaut32.lib uuid.lib odbc32.lib odbccp32.lib /MANIFEST /ManifestFile:"x64\Debug\hello_stdcl.exe.intermediate.manifest" /MANIFESTUAC:"level='asInvoker' uiAccess='false'" /DEBUG /PDB:"C:\Users\richie\Documents\bdt-code\coprthr\msvs2010\examples\x64\Debug\hello_stdcl.pdb" /SUBSYSTEM:CONSOLE /TLBID:1 /DYNAMICBASE /NXCOMPAT /IMPLIB:"C:\Users\richie\Documents\bdt-code\coprthr\msvs2010\examples\x64\Debug\hello_stdcl.lib" /MACHINE:X64 x64\Debug\hello_stdcl.exe.embed.manifest.res
         x64\Debug\hello_stdcl.obj
         hello_stdcl.vcxproj -> C:\Users\richie\Documents\bdt-code\coprthr\msvs2010\examples\x64\Debug\hello_stdcl.exe
       FinalizeBuildStatus:
         Deleting file "x64\Debug\hello_stdcl.unsuccessfulbuild".
         Touching "x64\Debug\hello_stdcl.lastbuildstate".
     1>Done Building Project "C:\Users\richie\Documents\bdt-code\coprthr\msvs2010\examples\hello_stdcl\hello_stdcl.vcxproj" (rebuild target(s)).

Build succeeded.

Time Elapsed 00:00:03.82
