C:\Users\richie\Documents\bdt-code\coprthr\msvs2010\examples\hello_stdcl\x64\Debug\cl.command.1.tlog
C:\Users\richie\Documents\bdt-code\coprthr\msvs2010\examples\hello_stdcl\x64\Debug\CL.read.1.tlog
C:\Users\richie\Documents\bdt-code\coprthr\msvs2010\examples\hello_stdcl\x64\Debug\CL.write.1.tlog
C:\USERS\RICHIE\DOCUMENTS\BDT-CODE\COPRTHR\MSVS2010\EXAMPLES\HELLO_STDCL\X64\DEBUG\HELLO_STDCL.EXE.EMBED.MANIFEST
C:\USERS\RICHIE\DOCUMENTS\BDT-CODE\COPRTHR\MSVS2010\EXAMPLES\HELLO_STDCL\X64\DEBUG\HELLO_STDCL.EXE.EMBED.MANIFEST.RES
C:\USERS\RICHIE\DOCUMENTS\BDT-CODE\COPRTHR\MSVS2010\EXAMPLES\HELLO_STDCL\X64\DEBUG\HELLO_STDCL.EXE.INTERMEDIATE.MANIFEST
C:\USERS\RICHIE\DOCUMENTS\BDT-CODE\COPRTHR\MSVS2010\EXAMPLES\HELLO_STDCL\X64\DEBUG\HELLO_STDCL.OBJ
C:\Users\richie\Documents\bdt-code\coprthr\msvs2010\examples\hello_stdcl\x64\Debug\hello_stdcl_manifest.rc
C:\Users\richie\Documents\bdt-code\coprthr\msvs2010\examples\hello_stdcl\x64\Debug\link.2744.read.1.tlog
C:\Users\richie\Documents\bdt-code\coprthr\msvs2010\examples\hello_stdcl\x64\Debug\link.2744.write.1.tlog
C:\Users\richie\Documents\bdt-code\coprthr\msvs2010\examples\hello_stdcl\x64\Debug\link.2744-cvtres.read.1.tlog
C:\Users\richie\Documents\bdt-code\coprthr\msvs2010\examples\hello_stdcl\x64\Debug\link.2744-cvtres.write.1.tlog
C:\Users\richie\Documents\bdt-code\coprthr\msvs2010\examples\hello_stdcl\x64\Debug\link.3820.read.1.tlog
C:\Users\richie\Documents\bdt-code\coprthr\msvs2010\examples\hello_stdcl\x64\Debug\link.3820.write.1.tlog
C:\Users\richie\Documents\bdt-code\coprthr\msvs2010\examples\hello_stdcl\x64\Debug\link.3820-cvtres.read.1.tlog
C:\Users\richie\Documents\bdt-code\coprthr\msvs2010\examples\hello_stdcl\x64\Debug\link.3820-cvtres.write.1.tlog
C:\Users\richie\Documents\bdt-code\coprthr\msvs2010\examples\hello_stdcl\x64\Debug\link.command.1.tlog
C:\Users\richie\Documents\bdt-code\coprthr\msvs2010\examples\hello_stdcl\x64\Debug\link.read.1.tlog
C:\Users\richie\Documents\bdt-code\coprthr\msvs2010\examples\hello_stdcl\x64\Debug\link.write.1.tlog
C:\Users\richie\Documents\bdt-code\coprthr\msvs2010\examples\hello_stdcl\x64\Debug\link-cvtres.read.1.tlog
C:\Users\richie\Documents\bdt-code\coprthr\msvs2010\examples\hello_stdcl\x64\Debug\link-cvtres.write.1.tlog
C:\Users\richie\Documents\bdt-code\coprthr\msvs2010\examples\hello_stdcl\x64\Debug\mt.command.1.tlog
C:\Users\richie\Documents\bdt-code\coprthr\msvs2010\examples\hello_stdcl\x64\Debug\mt.read.1.tlog
C:\Users\richie\Documents\bdt-code\coprthr\msvs2010\examples\hello_stdcl\x64\Debug\mt.write.1.tlog
C:\Users\richie\Documents\bdt-code\coprthr\msvs2010\examples\hello_stdcl\x64\Debug\rc.command.1.tlog
C:\Users\richie\Documents\bdt-code\coprthr\msvs2010\examples\hello_stdcl\x64\Debug\rc.read.1.tlog
C:\Users\richie\Documents\bdt-code\coprthr\msvs2010\examples\hello_stdcl\x64\Debug\rc.write.1.tlog
C:\Users\richie\Documents\bdt-code\coprthr\msvs2010\examples\hello_stdcl\x64\Debug\vc100.idb
C:\USERS\RICHIE\DOCUMENTS\BDT-CODE\COPRTHR\MSVS2010\EXAMPLES\HELLO_STDCL\X64\DEBUG\VC100.PDB
C:\USERS\RICHIE\DOCUMENTS\BDT-CODE\COPRTHR\MSVS2010\EXAMPLES\X64\DEBUG\HELLO_STDCL.EXE
C:\USERS\RICHIE\DOCUMENTS\BDT-CODE\COPRTHR\MSVS2010\EXAMPLES\X64\DEBUG\HELLO_STDCL.ILK
C:\USERS\RICHIE\DOCUMENTS\BDT-CODE\COPRTHR\MSVS2010\EXAMPLES\X64\DEBUG\HELLO_STDCL.PDB
