C:\USERS\RICHIE\DOCUMENTS\BDT-CODE\COPRTHR\MSVS2010\EXAMPLES\BDT_NBODY\X64\DEBUG\BDT_NBODY.EXE.EMBED.MANIFEST
C:\USERS\RICHIE\DOCUMENTS\BDT-CODE\COPRTHR\MSVS2010\EXAMPLES\BDT_NBODY\X64\DEBUG\BDT_NBODY.EXE.EMBED.MANIFEST.RES
C:\USERS\RICHIE\DOCUMENTS\BDT-CODE\COPRTHR\MSVS2010\EXAMPLES\BDT_NBODY\X64\DEBUG\BDT_NBODY.EXE.INTERMEDIATE.MANIFEST
C:\USERS\RICHIE\DOCUMENTS\BDT-CODE\COPRTHR\MSVS2010\EXAMPLES\BDT_NBODY\X64\DEBUG\BDT_NBODY.OBJ
C:\Users\richie\Documents\bdt-code\coprthr\msvs2010\examples\bdt_nbody\x64\Debug\bdt_nbody_manifest.rc
C:\Users\richie\Documents\bdt-code\coprthr\msvs2010\examples\bdt_nbody\x64\Debug\cl.command.1.tlog
C:\Users\richie\Documents\bdt-code\coprthr\msvs2010\examples\bdt_nbody\x64\Debug\CL.read.1.tlog
C:\Users\richie\Documents\bdt-code\coprthr\msvs2010\examples\bdt_nbody\x64\Debug\CL.write.1.tlog
C:\Users\richie\Documents\bdt-code\coprthr\msvs2010\examples\bdt_nbody\x64\Debug\link.6604.read.1.tlog
C:\Users\richie\Documents\bdt-code\coprthr\msvs2010\examples\bdt_nbody\x64\Debug\link.6604.write.1.tlog
C:\Users\richie\Documents\bdt-code\coprthr\msvs2010\examples\bdt_nbody\x64\Debug\link.6604-cvtres.read.1.tlog
C:\Users\richie\Documents\bdt-code\coprthr\msvs2010\examples\bdt_nbody\x64\Debug\link.6604-cvtres.write.1.tlog
C:\Users\richie\Documents\bdt-code\coprthr\msvs2010\examples\bdt_nbody\x64\Debug\link.command.1.tlog
C:\Users\richie\Documents\bdt-code\coprthr\msvs2010\examples\bdt_nbody\x64\Debug\link.read.1.tlog
C:\Users\richie\Documents\bdt-code\coprthr\msvs2010\examples\bdt_nbody\x64\Debug\link.write.1.tlog
C:\Users\richie\Documents\bdt-code\coprthr\msvs2010\examples\bdt_nbody\x64\Debug\link-cvtres.read.1.tlog
C:\Users\richie\Documents\bdt-code\coprthr\msvs2010\examples\bdt_nbody\x64\Debug\link-cvtres.write.1.tlog
C:\Users\richie\Documents\bdt-code\coprthr\msvs2010\examples\bdt_nbody\x64\Debug\mt.command.1.tlog
C:\Users\richie\Documents\bdt-code\coprthr\msvs2010\examples\bdt_nbody\x64\Debug\mt.read.1.tlog
C:\Users\richie\Documents\bdt-code\coprthr\msvs2010\examples\bdt_nbody\x64\Debug\mt.write.1.tlog
C:\USERS\RICHIE\DOCUMENTS\BDT-CODE\COPRTHR\MSVS2010\EXAMPLES\BDT_NBODY\X64\DEBUG\NBODY_INIT.OBJ
C:\Users\richie\Documents\bdt-code\coprthr\msvs2010\examples\bdt_nbody\x64\Debug\rc.command.1.tlog
C:\Users\richie\Documents\bdt-code\coprthr\msvs2010\examples\bdt_nbody\x64\Debug\rc.read.1.tlog
C:\Users\richie\Documents\bdt-code\coprthr\msvs2010\examples\bdt_nbody\x64\Debug\rc.write.1.tlog
C:\USERS\RICHIE\DOCUMENTS\BDT-CODE\COPRTHR\MSVS2010\EXAMPLES\BDT_NBODY\X64\DEBUG\STDAFX.OBJ
C:\USERS\RICHIE\DOCUMENTS\BDT-CODE\COPRTHR\MSVS2010\EXAMPLES\BDT_NBODY\X64\DEBUG\TIMER.OBJ
C:\Users\richie\Documents\bdt-code\coprthr\msvs2010\examples\bdt_nbody\x64\Debug\vc100.idb
C:\USERS\RICHIE\DOCUMENTS\BDT-CODE\COPRTHR\MSVS2010\EXAMPLES\BDT_NBODY\X64\DEBUG\VC100.PDB
C:\USERS\RICHIE\DOCUMENTS\BDT-CODE\COPRTHR\MSVS2010\EXAMPLES\X64\DEBUG\BDT_NBODY.EXE
C:\USERS\RICHIE\DOCUMENTS\BDT-CODE\COPRTHR\MSVS2010\EXAMPLES\X64\DEBUG\BDT_NBODY.ILK
C:\USERS\RICHIE\DOCUMENTS\BDT-CODE\COPRTHR\MSVS2010\EXAMPLES\X64\DEBUG\BDT_NBODY.PDB
