C:\USERS\RICHIE\DOCUMENTS\BDT-CODE\COPRTHR\MSVS2010\EXAMPLES\BDT_NBODY_TUTORIAL\X64\DEBUG\BDT_NBODY_TUTORIAL.EXE.EMBED.MANIFEST
C:\USERS\RICHIE\DOCUMENTS\BDT-CODE\COPRTHR\MSVS2010\EXAMPLES\BDT_NBODY_TUTORIAL\X64\DEBUG\BDT_NBODY_TUTORIAL.EXE.EMBED.MANIFEST.RES
C:\USERS\RICHIE\DOCUMENTS\BDT-CODE\COPRTHR\MSVS2010\EXAMPLES\BDT_NBODY_TUTORIAL\X64\DEBUG\BDT_NBODY_TUTORIAL.EXE.INTERMEDIATE.MANIFEST
C:\Users\richie\Documents\bdt-code\coprthr\msvs2010\examples\bdt_nbody_tutorial\x64\Debug\bdt_nbody_tutorial_manifest.rc
C:\Users\richie\Documents\bdt-code\coprthr\msvs2010\examples\bdt_nbody_tutorial\x64\Debug\cl.command.1.tlog
C:\Users\richie\Documents\bdt-code\coprthr\msvs2010\examples\bdt_nbody_tutorial\x64\Debug\CL.read.1.tlog
C:\Users\richie\Documents\bdt-code\coprthr\msvs2010\examples\bdt_nbody_tutorial\x64\Debug\CL.write.1.tlog
C:\Users\richie\Documents\bdt-code\coprthr\msvs2010\examples\bdt_nbody_tutorial\x64\Debug\link.6008.read.1.tlog
C:\Users\richie\Documents\bdt-code\coprthr\msvs2010\examples\bdt_nbody_tutorial\x64\Debug\link.6008.write.1.tlog
C:\Users\richie\Documents\bdt-code\coprthr\msvs2010\examples\bdt_nbody_tutorial\x64\Debug\link.6008-cvtres.read.1.tlog
C:\Users\richie\Documents\bdt-code\coprthr\msvs2010\examples\bdt_nbody_tutorial\x64\Debug\link.6008-cvtres.write.1.tlog
C:\Users\richie\Documents\bdt-code\coprthr\msvs2010\examples\bdt_nbody_tutorial\x64\Debug\link.command.1.tlog
C:\Users\richie\Documents\bdt-code\coprthr\msvs2010\examples\bdt_nbody_tutorial\x64\Debug\link.read.1.tlog
C:\Users\richie\Documents\bdt-code\coprthr\msvs2010\examples\bdt_nbody_tutorial\x64\Debug\link.write.1.tlog
C:\Users\richie\Documents\bdt-code\coprthr\msvs2010\examples\bdt_nbody_tutorial\x64\Debug\link-cvtres.read.1.tlog
C:\Users\richie\Documents\bdt-code\coprthr\msvs2010\examples\bdt_nbody_tutorial\x64\Debug\link-cvtres.write.1.tlog
C:\Users\richie\Documents\bdt-code\coprthr\msvs2010\examples\bdt_nbody_tutorial\x64\Debug\mt.command.1.tlog
C:\Users\richie\Documents\bdt-code\coprthr\msvs2010\examples\bdt_nbody_tutorial\x64\Debug\mt.read.1.tlog
C:\Users\richie\Documents\bdt-code\coprthr\msvs2010\examples\bdt_nbody_tutorial\x64\Debug\mt.write.1.tlog
C:\USERS\RICHIE\DOCUMENTS\BDT-CODE\COPRTHR\MSVS2010\EXAMPLES\BDT_NBODY_TUTORIAL\X64\DEBUG\NBODY.OBJ
C:\USERS\RICHIE\DOCUMENTS\BDT-CODE\COPRTHR\MSVS2010\EXAMPLES\BDT_NBODY_TUTORIAL\X64\DEBUG\NBODY_INIT.OBJ
C:\USERS\RICHIE\DOCUMENTS\BDT-CODE\COPRTHR\MSVS2010\EXAMPLES\BDT_NBODY_TUTORIAL\X64\DEBUG\NBODY_OUTPUT.OBJ
C:\Users\richie\Documents\bdt-code\coprthr\msvs2010\examples\bdt_nbody_tutorial\x64\Debug\rc.command.1.tlog
C:\Users\richie\Documents\bdt-code\coprthr\msvs2010\examples\bdt_nbody_tutorial\x64\Debug\rc.read.1.tlog
C:\Users\richie\Documents\bdt-code\coprthr\msvs2010\examples\bdt_nbody_tutorial\x64\Debug\rc.write.1.tlog
C:\Users\richie\Documents\bdt-code\coprthr\msvs2010\examples\bdt_nbody_tutorial\x64\Debug\vc100.idb
C:\USERS\RICHIE\DOCUMENTS\BDT-CODE\COPRTHR\MSVS2010\EXAMPLES\BDT_NBODY_TUTORIAL\X64\DEBUG\VC100.PDB
C:\USERS\RICHIE\DOCUMENTS\BDT-CODE\COPRTHR\MSVS2010\EXAMPLES\X64\DEBUG\BDT_NBODY_TUTORIAL.EXE
C:\USERS\RICHIE\DOCUMENTS\BDT-CODE\COPRTHR\MSVS2010\EXAMPLES\X64\DEBUG\BDT_NBODY_TUTORIAL.ILK
C:\USERS\RICHIE\DOCUMENTS\BDT-CODE\COPRTHR\MSVS2010\EXAMPLES\X64\DEBUG\BDT_NBODY_TUTORIAL.PDB
